Processing directory: SS25071BV02
DEBUG: Found heading '验证方案' in SS25071BV02 (Style: Normal)
DEBUG: Found heading '签字页' in SS25071BV02 (Style: Normal)
DEBUG: Non-heading text '庄蒙	日期' in SS25071BV02 (Style: Normal)
DEBUG: Non-heading text '验证负责人' in SS25071BV02 (Style: Normal)
DEBUG: Non-heading text '委托方负责人' in SS25071BV02 (Style: Normal)
DEBUG: Non-heading text '杨华	日期' in SS25071BV02 (Style: Normal)
DEBUG: Non-heading text '机构负责人' in SS25071BV02 (Style: Normal)
DEBUG: Found heading '缩略语表' in SS25071BV02 (Style: Normal)
DEBUG: Found heading '引言' in SS25071BV02 (Style: Bullet)
DEBUG: Found heading '验证试验名称' in SS25071BV02 (Style: Heading 2)
DEBUG: Found heading '验证试验编号' in SS25071BV02 (Style: Heading 2)
DEBUG: Non-heading text 'SS25071BV02' in SS25071BV02 (Style: Normal)
DEBUG: Found heading '验证目的' in SS25071BV02 (Style: Heading 2)
DEBUG: Non-heading text '本验证的目的是验证LC-MS/MS法测定食蟹猴EDTA-K2血浆样品中待测物A (free form)的反义链和正义链的浓度测定方法（SS25071-BA-002）。并对该方法进行系统适用性、残留、选择性、特异性、基质效应、标准曲线及范围、批内/批间准确度及精密度、提取回收率、稀释可靠性、稳定性、溶血效应和分析批最大进样数等全面方法学验证，以支持非临床试验生物分析。本验证方案中提及的待测物浓度均为基于反义链和正义链的双链浓度。' in SS25071BV02 (Style: Normal)
DEBUG: Found heading '试验机构' in SS25071BV02 (Style: Heading 2)
DEBUG: Found heading '委托方' in SS25071BV02 (Style: Heading 2)
DEBUG: Found heading '委托方负责人' in SS25071BV02 (Style: Heading 2)
DEBUG: Found heading '验证负责人' in SS25071BV02 (Style: Heading 2)
DEBUG: Found heading '主要操作人员' in SS25071BV02 (Style: Heading 2)
DEBUG: Non-heading text '严婕、沈佳艺' in SS25071BV02 (Style: Normal)
DEBUG: Found heading '注释：如以上人员发生变动，无需更新方案或额外准备补充方案进行偏离解释。' in SS25071BV02 (Style: Normal)
DEBUG: Found heading '拟定验证日程' in SS25071BV02 (Style: Heading 2)
DEBUG: Non-heading text '方案批准日期：	2025年05月20日' in SS25071BV02 (Style: Normal)
DEBUG: Non-heading text '实验开始日期：	2025年05月20日' in SS25071BV02 (Style: Normal)
DEBUG: Non-heading text '实验结束日期：	2025年10月10日' in SS25071BV02 (Style: Normal)
DEBUG: Non-heading text '拟定报告初稿完成时间：	2025年10月20日' in SS25071BV02 (Style: Normal)
DEBUG: Non-heading text '注释：时间表为预估，如日程安排发生变动，无需更新方案或额外准备补充方案进行偏离解释。' in SS25071BV02 (Style: Normal)
DEBUG: Found heading '遵从性' in SS25071BV02 (Style: Heading 2)
DEBUG: Non-heading text '本验证所有阶段均在本机构完成，遵从本验证方案及变更（若有）、本机构相关SOP及下列管理规范：' in SS25071BV02 (Style: Normal)
DEBUG: Non-heading text 'NMPA（2017），药物非临床研究质量管理规范' in SS25071BV02 (Style: List Paragraph)
DEBUG: Found heading '指导原则' in SS25071BV02 (Style: Heading 2)
DEBUG: Found heading '材料和方法' in SS25071BV02 (Style: Bullet)
DEBUG: Non-heading text '标准品' in SS25071BV02 (Style: Bullet)
DEBUG: Found heading '注释：若信息更新或使用新批次将记录在原始记录并呈现在验证报告中' in SS25071BV02 (Style: Normal)
DEBUG: Non-heading text '内标' in SS25071BV02 (Style: Bullet)
DEBUG: Found heading '注释：若信息更新或使用新批次将记录在原始记录并呈现在验证报告中' in SS25071BV02 (Style: Normal)
DEBUG: Non-heading text '安全防护' in SS25071BV02 (Style: Bullet)
DEBUG: Non-heading text '剩余标准品及内标的返还' in SS25071BV02 (Style: Bullet)
DEBUG: Found heading '材料和方法' in SS25071BV02 (Style: Bullet)
DEBUG: Non-heading text '分析系统' in SS25071BV02 (Style: List Paragraph)
DEBUG: Non-heading text '储备液的配制' in SS25071BV02 (Style: List Paragraph)
DEBUG: Non-heading text '工作液的配制' in SS25071BV02 (Style: List Paragraph)
DEBUG: Found heading '标曲/质控样品的配制' in SS25071BV02 (Style: List Paragraph)
DEBUG: Non-heading text '移取适量待测物A(free form)的反义链和正义链的质控工作液，加入空白基质分别稀释成待测物A(free form)的反义链和正义链的浓度均为：30.000、300.000、3000.000、7500.000 ng/mL的质控样品。' in SS25071BV02 (Style: Normal)
DEBUG: Non-heading text '样品处理步骤' in SS25071BV02 (Style: List Paragraph)
DEBUG: Non-heading text '实验过程中若材料和方法相关内容更新，无需进行方案变更，将以分析方法升级的方式进行记录并呈现在验证报告中。' in SS25071BV02 (Style: Normal)
DEBUG: Found heading '方法学验证内容和接受标准' in SS25071BV02 (Style: Bullet)
DEBUG: Found heading '系统适用性' in SS25071BV02 (Style: Bullet)
DEBUG: Non-heading text '系统适用性考察是在分析批开始前进行以确保系统正常运转。处理至少1份系统适用性样品并连续进样至少3次，以最后3次进样来评估系统适用性。' in SS25071BV02 (Style: Normal)
DEBUG: Found heading '残留' in SS25071BV02 (Style: Bullet)
DEBUG: Non-heading text '残留通过在定量上限（ULOQ）样品后面进样双空白样品（不含待测物和内标）来进行评估。' in SS25071BV02 (Style: Normal)
DEBUG: Non-heading text '若残留无法满足接受标准，在方法学验证及样品分析过程中根据SOP-EXO-ABA-004对残留不满足接受标准批次的每一个样品受到上一个样品残留的影响进行评价，具体方法如下：' in SS25071BV02 (Style: Normal)
DEBUG: Found heading '计算残留因子（若分析批中有多个，则选用最小的一个）：' in SS25071BV02 (Style: Normal)
DEBUG: Found heading '残留因子 = 1 / （双空白样品中的峰面积/前一个ULOQ中的峰面积）' in SS25071BV02 (Style: Normal)
DEBUG: Non-heading text '计算对下一个样品的影响率：' in SS25071BV02 (Style: Normal)
DEBUG: Non-heading text '影响率 = 上一个样品的峰面积 / 残留因子 / 下一个样品的峰面积 * 100%' in SS25071BV02 (Style: Normal)
DEBUG: Non-heading text '若影响率不高于5%，可认为实际发生的残留不会影响下一个样品的定量；若残留影响率大于5%，则说明下一个样品的定量结果受到了残留的影响，样品应进行相应处理：' in SS25071BV02 (Style: Normal)
DEBUG: Found heading '质控样品：不论样品的准确度是否在85%~115%范围内，均按不符合接受标准计。' in SS25071BV02 (Style: List Paragraph)
DEBUG: Non-heading text '方法学验证考察项样品：该样品的结果不予采纳。若因残留评价失败导致考察项的统计数不够，则需重新做考察项。' in SS25071BV02 (Style: List Paragraph)
DEBUG: Non-heading text '若分析方法的残留不符合接受标准，可在分析方法中注明高浓度质控及ULOQ样品后需添加双空白样品。如有必要，可进一步优化分析方法解决残留问题。' in SS25071BV02 (Style: Normal)
DEBUG: Found heading '选择性' in SS25071BV02 (Style: Bullet)
DEBUG: Non-heading text '选择性是区分目标分析物和内标与基质的内源性组份的能力。通过考察6个不同个体的正常空白基质、至少1个个体的溶血空白基质（加入溶血全血至未溶血的血浆中制备成2%的溶血血浆）进行不加内标的空白样品测定来评价选择性。' in SS25071BV02 (Style: Normal)
DEBUG: Found heading '特异性' in SS25071BV02 (Style: Bullet)
DEBUG: Found heading '特异性是生物分析方法检测和区分待测物与其他物质的能力。' in SS25071BV02 (Style: Bullet)
DEBUG: Non-heading text '待测物与内标间的干扰' in SS25071BV02 (Style: Bullet)
DEBUG: Non-heading text '待测物对内标的干扰' in SS25071BV02 (Style: Bullet)
DEBUG: Non-heading text '内标对待测物的干扰' in SS25071BV02 (Style: Bullet)
DEBUG: Found heading '基质效应' in SS25071BV02 (Style: Bullet)
DEBUG: Non-heading text '每个浓度基质效应系指生物基质中存在的组份对分析物的离子化所产生的抑制或增强作用。' in SS25071BV02 (Style: Plain Text)
DEBUG: Non-heading text '分别取6个不同个体的空白基质，每个个体分别制备低浓度和高浓度质控样品进行分析，每个个体三个重复。' in SS25071BV02 (Style: Plain Text)
DEBUG: Found heading '标准曲线及范围' in SS25071BV02 (Style: Bullet)
DEBUG: Non-heading text '接受标准：' in SS25071BV02 (Style: Plain Text)
DEBUG: Non-heading text '标准曲线的R2不应低于0.9800。' in SS25071BV02 (Style: Plain Text)
DEBUG: Found heading '批内/批间准确度及精密度' in SS25071BV02 (Style: Bullet)
DEBUG: Non-heading text '取五个不同浓度的质控样品（（待测物A(free form)的反义链和正义链浓度均为10.000 ng/mL（定量下限）、30.000 ng/mL（低）、300.000 ng/mL（几何均值）、3000.000 ng/mL（中）和7500.000 ng/mL（高），考察批内/批间准确度和精密度。每个分析批每个浓度平行处理6份，需新鲜配制准确度精密度样品。 批内准确度和精密度通过每个分析批的质控样品进行评价；批间准确度和精密度通过三个独立分析批（至少2天进行）中的质控样品进行评价。' in SS25071BV02 (Style: Plain Text)
DEBUG: Non-heading text '报告的方法验证数据以及准确度和精密度的测定应包括所有获得的结果，包括不符合接受标准的单个质控样品，已被记录的明显错误情况除外。同时还要提交每个分析批的批内准确度和精密度数据。' in SS25071BV02 (Style: Plain Text)
DEBUG: Non-heading text '如果准确度和精密度考察项失败，确定失败的可能原因，并在下一个验证批次重新考察。如果下一个验证批次也失败，则应在重新启动验证之前修改该方法。如果超过一个分析批失败且原因不明确，分析步骤需要相应进行调整，方法学重新验证。' in SS25071BV02 (Style: Plain Text)
DEBUG: Non-heading text '接受标准：' in SS25071BV02 (Style: Plain Text)
DEBUG: Found heading '质控样品' in SS25071BV02 (Style: Bullet)
DEBUG: Non-heading text '每个分析批至少包含低、几何均值、中、高4个浓度的质控样品（每个浓度水平至少2份）。含准确度精密度的分析批，低、几何均值、中和高浓度的准确度与精密度样品也作为质控样品。' in SS25071BV02 (Style: Normal)
DEBUG: Non-heading text '接受标准：每个分析批至少2/3的质控样品且每个浓度水平至少50%的样品准确度偏差应在±15.0%范围内。' in SS25071BV02 (Style: Plain Text)
DEBUG: Found heading '回收率' in SS25071BV02 (Style: Bullet)
DEBUG: Found heading '待测物的提取回收率' in SS25071BV02 (Style: Bullet)
DEBUG: Non-heading text '提取回收率样品：由低、中、和高浓度水平的基质样品分别平行制备6份，不加入内标溶液。在提取后的上清中，加入含有合适浓度内标的复溶液进行稀释。如果需要，体积可以适当调整。' in SS25071BV02 (Style: Normal)
DEBUG: Non-heading text '回收率参比样品：提取过程与上面描述相同，在提取后的上清中，加入含有合适浓度待测物和内标的复溶液进行稀释。最终浓度与100%提取的理论提取回收率样品相同。' in SS25071BV02 (Style: Normal)
DEBUG: Found heading '按以下公式计算待测物的提取回收率：' in SS25071BV02 (Style: Normal)
DEBUG: Non-heading text '接受标准：待测物每个浓度水平质控样品回收率的变异系数（%CV）不大于15.0 %，各浓度水平间的待测物回收率的总体变异系数不得大于15.0%。' in SS25071BV02 (Style: Normal)
DEBUG: Found heading '内标的提取回收率' in SS25071BV02 (Style: Bullet)
DEBUG: Non-heading text '内标的提取回收率样品：由空白基质样品平行制备6份，加入内标溶液。在提取后的上清中，加入含有合适浓度待测物的复溶液进行稀释（与中浓度质控样品浓度相当）。如果需要，体积可以适当调整。' in SS25071BV02 (Style: Normal)
DEBUG: Non-heading text '内标的回收率参比样品：提取过程与上面的描述相同，但是待测物和内标溶液均在提取后加入。最终浓度与100%提取的理论提取回收率样品相同。' in SS25071BV02 (Style: Normal)
DEBUG: Found heading '内标的提取回收率以待测物A(free form)的反义链计算。' in SS25071BV02 (Style: Normal)
DEBUG: Found heading '按以下公式计算内标的提取回收率：' in SS25071BV02 (Style: Normal)
DEBUG: Found heading '接受标准：内标的提取回收率的变异系数（%CV）应不大于15.0%。' in SS25071BV02 (Style: Normal)
DEBUG: Found heading '稀释可靠性' in SS25071BV02 (Style: Bullet)
DEBUG: Non-heading text '采用配制浓度高于ULOQ的DQC样品（含待测物A(free form)的反义链和正义链浓度均为100000.000 ng/mL）进行稀释可靠性考察。用食蟹猴血浆50倍稀释该样品，平行稀释6份，稀释50倍后待测物A(free form)的反义链和正义链的浓度均为2000.000 ng/mL。随行标准曲线样品对稀释后样品进行测定。' in SS25071BV02 (Style: Normal)
DEBUG: Found heading '稳定性' in SS25071BV02 (Style: Bullet)
DEBUG: Found heading '标准品储备液/工作液稳定性' in SS25071BV02 (Style: Bullet)
DEBUG: Found heading '标准品储备液/工作液稳定性参考SS25071BV01。' in SS25071BV02 (Style: Normal)
DEBUG: Found heading '内标储备液/工作液稳定性' in SS25071BV02 (Style: Bullet)
DEBUG: Found heading '内标储备液/工作液稳定性参考SS25071BV01。' in SS25071BV02 (Style: Normal)
DEBUG: Found heading '质控样品稳定性' in SS25071BV02 (Style: Bullet)
DEBUG: Found heading '考察质控样品在如下条件下的稳定性，随新鲜配制标准曲线样品一同测定：' in SS25071BV02 (Style: Plain Text)
DEBUG: Non-heading text '短期稳定性：分别将低、高浓度的质控样品在室温白光解冻后放置于室温白光条件下（4小时至24小时，考察时间可根据实际情况调整）。各浓度水平平行测定6份。' in SS25071BV02 (Style: Plain Text)
DEBUG: Non-heading text '冻融稳定性：分别将低、高浓度的质控样品经过5次（考察次数可根据实际情况调整）冻融（-70~-90ºC /室温白光）循环（质控样品须被冷冻至少12小时）。各浓度水平平行测定6份。' in SS25071BV02 (Style: Plain Text)
DEBUG: Non-heading text '处理后样品稳定性：经处理后的样品（可采用某一个分析批已成功进样的准确度和精密度样品），放置在自动进样器中或与自动进样器相同温度的环境中一段时间后（24小时至144小时，考察时间可根据实际情况调整）分析。' in SS25071BV02 (Style: Plain Text)
DEBUG: Non-heading text '长期稳定性：分别将低、高浓度的质控样品和稀释质控样品储存于超低温冰箱（-70~-90ºC ）中（1个月，考察时间可根据实际情况调整）。各浓度水平平行测定6份。样品稳定性至少应涵盖从第一个样品采集至样品分析结束的时间段。如有需要，可以评估更长的周期。' in SS25071BV02 (Style: Plain Text)
DEBUG: Found heading '全血稳定性' in SS25071BV02 (Style: Bullet)
DEBUG: Non-heading text '为考察全血样品在采集和处理过程中的稳定性，分别配制低、高两个浓度的全血质控样品。配制完毕后，将低、高两个浓度的全血质控样品分别分为两部分。将一部分立即进行4 ºC，2000 g离心10 min处理，制备得到零时间（T0）的血浆样品。另一部分于室温白光放置2 h（考察时间可根据实际情况调整）后4 ºC，2000 g离心10 min，制备得到稳定性考察的血浆样品。每个时间点的血浆样品平行测定6份，一起进样分析。' in SS25071BV02 (Style: Plain Text)
DEBUG: Found heading '按照下面的公式计算放置x小时的稳定性考察样品和零小时（T0）样品的差异：' in SS25071BV02 (Style: Normal)
DEBUG: Non-heading text 'T0：零小时样品的峰面积比均值' in SS25071BV02 (Style: Normal)
DEBUG: Found heading 'Tx：稳定性样品的峰面积比均值' in SS25071BV02 (Style: Normal)
DEBUG: Found heading '稳定性考察不符合接受标准时的处理办法' in SS25071BV02 (Style: Bullet)
DEBUG: Non-heading text '如果稳定性考察中其中一个或者两个浓度的测得浓度均值不符合接受标准，稳定性考察可重复测定或者直接缩短考察时间。如果重复的稳定性考察仍然不能满足接受标准，报告质控样品在该条件下不稳定。可以考察更短的储存时间。如果第二次稳定性考察满足接受标准，需要进行第三次稳定性考察。如果第三次稳定性考察确认了第二次稳定性考察的结果，第三次稳定性考察的结果作为最终的稳定性数据进行报告。如果第三次稳定性考察不满足接受标准，报告稳定性考察失败。考察更短的储存时间。' in SS25071BV02 (Style: Normal)
DEBUG: Non-heading text '如果稳定性考察中其中一个或者两个浓度的变异系数（%CV）大于15.0%，稳定性考察需要重复测定一次。' in SS25071BV02 (Style: Normal)
DEBUG: Found heading '溶血效应' in SS25071BV02 (Style: Bullet)
DEBUG: Non-heading text '使用模拟的溶血血浆样品（加入溶血全血至未溶血的血浆中制备成2%的溶血血浆）制备低浓度和高浓度质控样品进行评估。每个浓度平行测定3份样品。以正常血浆配制的标准曲线样品测定上述溶血质控样品，并随行正常血浆配制的质控样品。' in SS25071BV02 (Style: Plain Text)
DEBUG: Non-heading text '如果溶血实验的质控样品不符合接受标准，应该调整分析方法。在分析方法调整和优化后，如溶血实验的质控样品仍然不符合常规接受标准，这个方法可以使用，但溶血效应的影响应该记录在项目的实验记录和验证报告中。' in SS25071BV02 (Style: Normal)
DEBUG: Found heading '分析批最大进样数' in SS25071BV02 (Style: Bullet)
DEBUG: Non-heading text '为评估分析批最大进样数及方法的耐用性，应至少有一个验证分析批的样品数量接近于样品分析时预估的一个分析批中包括的样品数量。此分析批中可以包括更多的验证样品，重复进样质控样品或者添加内标的空白基质。' in SS25071BV02 (Style: Normal)
DEBUG: Found heading '接受标准：该分析批标曲和质控样品满足分析批的接受标准。' in SS25071BV02 (Style: Normal)
DEBUG: Found heading '数据处理' in SS25071BV02 (Style: Bullet)
DEBUG: Non-heading text '方法准确度及精密度由以下公式计算：' in SS25071BV02 (Style: Normal)
DEBUG: Non-heading text '准确度：' in SS25071BV02 (Style: Normal)
DEBUG: Non-heading text '精密度：' in SS25071BV02 (Style: Normal)
DEBUG: Non-heading text '偏差：' in SS25071BV02 (Style: List Paragraph)
DEBUG: Found heading '归档' in SS25071BV02 (Style: Bullet)
DEBUG: Non-heading text '需要保留和归档的试验资料包括但不限于：验证负责人任命书、验证方案及变更（如有）、原始记录，仪器打印的数据、电子数据和验证报告等。试验资料在验证报告签发后归档于本机构档案室，根据本机构SOP进行归档管理。' in SS25071BV02 (Style: Normal)
DEBUG: Found heading '验证报告' in SS25071BV02 (Style: Normal)
DEBUG: Found heading 'GLP遵从性声明和签字页' in SS25071BV02 (Style: Normal)
DEBUG: Non-heading text '本验证所有阶段均在本机构完成，遵从本验证方案及变更、本机构相关SOP及下列管理规范。试验期间未出现影响试验质量和完整性的因素。' in SS25071BV02 (Style: Normal)
DEBUG: Non-heading text 'NMPA（2017），药物非临床研究质量管理规范。' in SS25071BV02 (Style: Normal)
DEBUG: Non-heading text '庄蒙（Meng Zhuang），B.S.' in SS25071BV02 (Style: Normal)
DEBUG: Found heading '质量保证声明' in SS25071BV02 (Style: Normal)
DEBUG: Non-heading text 'QUALITY ASSURANCE STATEMENT' in SS25071BV02 (Style: Normal)
DEBUG: Non-heading text '本机构QAU对该验证进行了如下检查，本验证报告如实描述试验材料和方法，准确反映验证过程中产生的原始数据（待测物A标准品的RoA及内标内标A标准品CoA除外）。' in SS25071BV02 (Style: Body Text Indent)
DEBUG: Non-heading text '另外，根据本机构SOPs进行基于设施的检查。' in SS25071BV02 (Style: Normal)
DEBUG: Non-heading text '文凤（Feng Wen）, M.S.' in SS25071BV02 (Style: Normal)
DEBUG: Found heading '目录' in SS25071BV02 (Style: Normal)
DEBUG: Found heading '缩略语表	9' in SS25071BV02 (Style: toc 1)
DEBUG: Found heading '摘要	10' in SS25071BV02 (Style: toc 1)
DEBUG: Found heading '1	引言	13' in SS25071BV02 (Style: toc 1)
DEBUG: Found heading '1.1	验证试验名称	13' in SS25071BV02 (Style: toc 2)
DEBUG: Found heading '1.2	验证试验编号	13' in SS25071BV02 (Style: toc 2)
DEBUG: Found heading '1.3	验证目的	13' in SS25071BV02 (Style: toc 2)
DEBUG: Found heading '1.4	试验机构	13' in SS25071BV02 (Style: toc 2)
DEBUG: Found heading '1.5	委托方	13' in SS25071BV02 (Style: toc 2)
DEBUG: Found heading '1.6	委托方负责人	14' in SS25071BV02 (Style: toc 2)
DEBUG: Found heading '1.7	验证负责人	14' in SS25071BV02 (Style: toc 2)
DEBUG: Found heading '1.8	主要操作人员	14' in SS25071BV02 (Style: toc 2)
DEBUG: Found heading '1.9	验证日程	14' in SS25071BV02 (Style: toc 2)
DEBUG: Found heading '1.10	指导原则	14' in SS25071BV02 (Style: toc 2)
DEBUG: Found heading '2	材料和方法	14' in SS25071BV02 (Style: toc 1)
DEBUG: Found heading '2.1	标准品	14' in SS25071BV02 (Style: toc 2)
DEBUG: Found heading '2.2	内标	15' in SS25071BV02 (Style: toc 2)
DEBUG: Found heading '2.3	安全防护	15' in SS25071BV02 (Style: toc 2)
DEBUG: Found heading '2.4	剩余标准品及内标的返还	15' in SS25071BV02 (Style: toc 2)
DEBUG: Found heading '2.5	试剂	15' in SS25071BV02 (Style: toc 2)
DEBUG: Found heading '2.6	空白基质	15' in SS25071BV02 (Style: toc 2)
DEBUG: Found heading '2.7	主要仪器	16' in SS25071BV02 (Style: toc 2)
DEBUG: Found heading '2.8	材料和方法	16' in SS25071BV02 (Style: toc 2)
DEBUG: Found heading '2.9	标准曲线和质控样品的配制	16' in SS25071BV02 (Style: toc 2)
DEBUG: Found heading '3	实验实施	16' in SS25071BV02 (Style: toc 1)
DEBUG: Found heading '4	数据处理	17' in SS25071BV02 (Style: toc 1)
DEBUG: Found heading '5	方法学验证结果	17' in SS25071BV02 (Style: toc 1)
DEBUG: Found heading '5.1	系统适用性	17' in SS25071BV02 (Style: toc 2)
DEBUG: Found heading '5.2	残留	18' in SS25071BV02 (Style: toc 2)
DEBUG: Found heading '5.3	选择性	18' in SS25071BV02 (Style: toc 2)
DEBUG: Found heading '5.4	特异性	18' in SS25071BV02 (Style: toc 2)
DEBUG: Found heading '5.4.1	待测物对内标的干扰	18' in SS25071BV02 (Style: toc 3)
DEBUG: Found heading '5.4.2	内标对待测物的干扰	18' in SS25071BV02 (Style: toc 3)
DEBUG: Found heading '5.5	基质效应	18' in SS25071BV02 (Style: toc 2)
DEBUG: Found heading '5.6	标准曲线及范围	18' in SS25071BV02 (Style: toc 2)
DEBUG: Found heading '5.7	批内/批间准确度及精密度	18' in SS25071BV02 (Style: toc 2)
DEBUG: Found heading '5.8	质控样品	19' in SS25071BV02 (Style: toc 2)
DEBUG: Found heading '5.9	回收率	19' in SS25071BV02 (Style: toc 2)
DEBUG: Found heading '5.9.1	待测物的提取回收率	19' in SS25071BV02 (Style: toc 3)
DEBUG: Found heading '5.9.2	内标的提取回收率	19' in SS25071BV02 (Style: toc 3)
DEBUG: Found heading '5.10	稀释可靠性	19' in SS25071BV02 (Style: toc 2)
DEBUG: Found heading '5.11	稳定性	20' in SS25071BV02 (Style: toc 2)
DEBUG: Found heading '5.11.1	标准品储备液/工作液稳定性	20' in SS25071BV02 (Style: toc 3)
DEBUG: Found heading '5.11.2	内标储备液/工作液稳定性	20' in SS25071BV02 (Style: toc 3)
DEBUG: Found heading '5.11.3	质控样品稳定性	20' in SS25071BV02 (Style: toc 3)
DEBUG: Found heading '5.11.4	全血稳定性	21' in SS25071BV02 (Style: toc 3)
DEBUG: Found heading '5.12	溶血效应	21' in SS25071BV02 (Style: toc 2)
DEBUG: Found heading '5.13	分析批最大进样数	21' in SS25071BV02 (Style: toc 2)
DEBUG: Found heading '6	结论	21' in SS25071BV02 (Style: toc 1)
DEBUG: Found heading '7	偏离	21' in SS25071BV02 (Style: toc 1)
DEBUG: Found heading '8	特殊情况说明	21' in SS25071BV02 (Style: toc 1)
DEBUG: Found heading '9	归档	21' in SS25071BV02 (Style: toc 1)
DEBUG: Non-heading text '附表	22' in SS25071BV02 (Style: toc 1)
DEBUG: Non-heading text '附图	64' in SS25071BV02 (Style: toc 1)
DEBUG: Found heading '附录I验证方案及变更	67' in SS25071BV02 (Style: toc 1)
DEBUG: Non-heading text '附录II分析方法	87' in SS25071BV02 (Style: toc 1)
DEBUG: Non-heading text '附录III质检报告	114' in SS25071BV02 (Style: toc 1)
DEBUG: Non-heading text '1.	待测物A	114' in SS25071BV02 (Style: toc 2)
DEBUG: Non-heading text '2.	内标A（内标）	116' in SS25071BV02 (Style: toc 2)
DEBUG: Found heading '附表目录' in SS25071BV02 (Style: Normal)
DEBUG: Non-heading text '表1批量样品检测情况列表	22' in SS25071BV02 (Style: table of figures)
DEBUG: Found heading '表2系统适用性	23' in SS25071BV02 (Style: table of figures)
DEBUG: Found heading '表3批量样品检测过程的残留	25' in SS25071BV02 (Style: table of figures)
DEBUG: Found heading '表4选择性考察	28' in SS25071BV02 (Style: table of figures)
DEBUG: Non-heading text '表5待测物与内标间的干扰	29' in SS25071BV02 (Style: table of figures)
DEBUG: Found heading '表6基质效应试验	30' in SS25071BV02 (Style: table of figures)
DEBUG: Non-heading text '表7标准曲线参数汇总	36' in SS25071BV02 (Style: table of figures)
DEBUG: Non-heading text '表8标准曲线回算浓度	38' in SS25071BV02 (Style: table of figures)
DEBUG: Non-heading text '表9批内、批间样品检测的精密度和准确度	41' in SS25071BV02 (Style: table of figures)
DEBUG: Found heading '表10质控样品浓度数据汇总（除准确度精密度分析批外）	47' in SS25071BV02 (Style: table of figures)
DEBUG: Found heading '表11待测物提取回收率：以待测物与内标的峰面积比计	49' in SS25071BV02 (Style: table of figures)
DEBUG: Found heading '表12内标提取回收率：以内标与待测物的峰面积比计	51' in SS25071BV02 (Style: table of figures)
DEBUG: Found heading '表13稀释可靠性	52' in SS25071BV02 (Style: table of figures)
DEBUG: Found heading '表14储备液短期稳定性	53' in SS25071BV02 (Style: table of figures)
DEBUG: Found heading '表15工作液短期稳定性（LLOQ和内标工作液稳定性）	54' in SS25071BV02 (Style: table of figures)
DEBUG: Found heading '表16储备液长期稳定性	55' in SS25071BV02 (Style: table of figures)
DEBUG: Found heading '表17工作液长期稳定性（LLOQ和内标工作液稳定性）	56' in SS25071BV02 (Style: table of figures)
DEBUG: Found heading '表18生物样品前处理过程中的稳定性	57' in SS25071BV02 (Style: table of figures)
DEBUG: Found heading '表19冻融稳定性	58' in SS25071BV02 (Style: table of figures)
DEBUG: Found heading '表20处理后样品的稳定性	59' in SS25071BV02 (Style: table of figures)
DEBUG: Found heading '表21生物基质中待测物的长期稳定性	60' in SS25071BV02 (Style: table of figures)
DEBUG: Found heading '表22样品离心分离前基质中待测物稳定性	61' in SS25071BV02 (Style: table of figures)
DEBUG: Found heading '表23溶血效应	63' in SS25071BV02 (Style: table of figures)
DEBUG: Found heading '附图目录' in SS25071BV02 (Style: Normal)
DEBUG: Non-heading text '图1空白基质图谱	64' in SS25071BV02 (Style: table of figures)
DEBUG: Non-heading text '图2标准曲线图	66' in SS25071BV02 (Style: table of figures)
DEBUG: Found heading '缩略语表' in SS25071BV02 (Style: Normal)
DEBUG: Found heading '摘要' in SS25071BV02 (Style: Normal)
DEBUG: Non-heading text '方法学验证结果表明，该方法符合生物样品测定要求，可用于食蟹猴血浆中待测物A（游离型）反义链和正义链浓度的检测。' in SS25071BV02 (Style: Normal)
DEBUG: Found heading '引言' in SS25071BV02 (Style: List Paragraph)
DEBUG: Non-heading text '验证试验名称' in SS25071BV02 (Style: Normal)
DEBUG: Non-heading text '验证试验编号' in SS25071BV02 (Style: Normal)
DEBUG: Non-heading text 'SS25071BV02' in SS25071BV02 (Style: Normal)
DEBUG: Non-heading text '验证目的' in SS25071BV02 (Style: Normal)
DEBUG: Non-heading text '本验证的目的是验证LC-MS/MS法测定食蟹猴EDTA-K2血浆样品中待测物A（游离型）的反义链和正义链的浓度测定方法（SS25071-BA-002）。并对该方法进行系统适用性、残留、选择性、特异性、基质效应、标准曲线及范围、批内/批间准确度及精密度、提取回收率、稀释可靠性、稳定性、溶血效应和分析批最大进样数等全面方法学验证，以支持非临床试验生物分析。本验证方案中提及的待测物浓度均为基于反义链和正义链的双链浓度。' in SS25071BV02 (Style: Normal)
DEBUG: Non-heading text '试验机构' in SS25071BV02 (Style: Normal)
DEBUG: Non-heading text '委托方' in SS25071BV02 (Style: Normal)
DEBUG: Non-heading text '委托方负责人' in SS25071BV02 (Style: Normal)
DEBUG: Non-heading text '验证负责人' in SS25071BV02 (Style: Normal)
DEBUG: Non-heading text '主要操作人员' in SS25071BV02 (Style: Normal)
DEBUG: Non-heading text '严婕、陈子柔' in SS25071BV02 (Style: Normal)
DEBUG: Non-heading text '验证日程' in SS25071BV02 (Style: Normal)
DEBUG: Non-heading text '方案批准日期：	2025年05月20日' in SS25071BV02 (Style: Normal)
DEBUG: Non-heading text '实验开始日期：	2025年05月20日' in SS25071BV02 (Style: Normal)
DEBUG: Non-heading text '实验结束日期：	2025年10月28日' in SS25071BV02 (Style: Normal)
DEBUG: Non-heading text '报告终稿完成时间：	2025年11月17日' in SS25071BV02 (Style: Normal)
DEBUG: Non-heading text '指导原则' in SS25071BV02 (Style: Normal)
DEBUG: Found heading '材料和方法' in SS25071BV02 (Style: List Paragraph)
DEBUG: Non-heading text '标准品' in SS25071BV02 (Style: Normal)
DEBUG: Non-heading text '内标' in SS25071BV02 (Style: Normal)
DEBUG: Non-heading text '安全防护' in SS25071BV02 (Style: Normal)
DEBUG: Non-heading text '剩余标准品及内标的返还' in SS25071BV02 (Style: Normal)
DEBUG: Non-heading text '试剂' in SS25071BV02 (Style: Normal)
DEBUG: Non-heading text '空白基质' in SS25071BV02 (Style: Normal)
DEBUG: Non-heading text '主要仪器' in SS25071BV02 (Style: Normal)
DEBUG: Found heading '材料和方法' in SS25071BV02 (Style: Normal)
DEBUG: Found heading '标准曲线和质控样品的配制' in SS25071BV02 (Style: Normal)
DEBUG: Non-heading text '分析方法描述了标准曲线和质控样品的配制，详见附录II。标准曲线和质控样品历次配制情况如下：' in SS25071BV02 (Style: Normal)
DEBUG: Found heading '注：标准曲线样品和质控样品均在已建立的稳定期内使用。' in SS25071BV02 (Style: Normal)
DEBUG: Found heading '实验实施' in SS25071BV02 (Style: List Paragraph)
DEBUG: Found heading '验证方案及变更描述了本实验的实施，详见附录I。' in SS25071BV02 (Style: Normal)
DEBUG: Found heading '数据处理' in SS25071BV02 (Style: List Paragraph)
DEBUG: Non-heading text '方法准确度、精密度及偏差由以下公式计算：' in SS25071BV02 (Style: Normal)
DEBUG: Non-heading text '准确度：' in SS25071BV02 (Style: Normal)
DEBUG: Non-heading text '精密度：' in SS25071BV02 (Style: List Paragraph)
DEBUG: Non-heading text '偏差：' in SS25071BV02 (Style: List Paragraph)
DEBUG: Non-heading text '数据修约方式：' in SS25071BV02 (Style: Normal)
DEBUG: Found heading '方法学验证结果' in SS25071BV02 (Style: List Paragraph)
DEBUG: Found heading '系统适用性' in SS25071BV02 (Style: Heading 2)
DEBUG: Non-heading text '系统适用性按验证方案考察，测定结果见表2，所有结果均符合接受标准，表明进样时检测仪器均处于正常运转状态。待测物A（游离型）正义链的分析批5中，待测物保留时间的变异系数（%CV）为6.3%，不满足接受标准，但该分析批中除第二针SST外的其他样品保留时间均未发生漂移，表明仪器状态无异常。' in SS25071BV02 (Style: Normal)
DEBUG: Found heading '残留' in SS25071BV02 (Style: Heading 2)
DEBUG: Non-heading text '残留按验证方案测定，结果见表3。除待测物A（游离型）反义链的分析批6，以及待测物A（游离型）正义链的分析批3和6，其余结果均符合接受标准。' in SS25071BV02 (Style: Normal)
DEBUG: Non-heading text '待测物A（游离型）反义链的分析批6，以及待测物A（游离型）正义链的分析批3和6的待测物残留超出标准，根据验证方案对分析批中每一个样品受到上一个样品残留的影响进行评价。经残留评估，这些分析批中无样品受残留影响而需要被剔除。' in SS25071BV02 (Style: Normal)
DEBUG: Found heading '选择性' in SS25071BV02 (Style: Heading 2)
DEBUG: Non-heading text '选择性按验证方案考察，代表色谱图见附图（空白基质色谱图见图1），测定结果见表4，所有结果均符合接受标准。表明本方法测定食蟹猴血浆中待测物A（游离型）反义链和正义链的选择性良好，血浆基质对测定无干扰。' in SS25071BV02 (Style: Normal)
DEBUG: Found heading '特异性' in SS25071BV02 (Style: Heading 2)
DEBUG: Found heading '待测物对内标的干扰' in SS25071BV02 (Style: Heading 3)
DEBUG: Non-heading text '按验证方案测定，待测物对内标的干扰结果见表5。结果表明，待测物对内标的干扰符合接受标准。' in SS25071BV02 (Style: Normal)
DEBUG: Found heading '内标对待测物的干扰' in SS25071BV02 (Style: Heading 3)
DEBUG: Non-heading text '按验证方案测定，内标对待测物的干扰结果见表5。结果表明，内标对待测物的干扰符合接受标准。' in SS25071BV02 (Style: Normal)
DEBUG: Found heading '基质效应' in SS25071BV02 (Style: Heading 2)
DEBUG: Found heading '基质效应按验证方案测定，结果见表6。' in SS25071BV02 (Style: Normal)
DEBUG: Found heading '结果表明基质效应符合接受标准。' in SS25071BV02 (Style: Normal)
DEBUG: Found heading '标准曲线及范围' in SS25071BV02 (Style: Heading 2)
DEBUG: Non-heading text '标准曲线及范围按验证方案测定，方法验证中的各标准曲线回归方程及各标准样品浓度点测定结果见表7和表8，典型标准曲线见图2。结果表明，本方法测定食蟹猴血浆中待测物A（游离型）反义链和正义链的线性范围可达10.000~10000.000 ng/mL。' in SS25071BV02 (Style: Normal)
DEBUG: Found heading '批内/批间准确度及精密度' in SS25071BV02 (Style: Heading 2)
DEBUG: Non-heading text '批内/批间准确度及精密度按验证方案考察，根据质控样品测定结果计算准确度及精密度，结果见表9。' in SS25071BV02 (Style: Plain Text)
DEBUG: Found heading '结果表明，质控样品的批内、批间精密度和准确度均符合接受标准。' in SS25071BV02 (Style: Plain Text)
DEBUG: Found heading '质控样品' in SS25071BV02 (Style: Heading 2)
DEBUG: Non-heading text '除准确度及精密度分析批的质控样品按验证方案测定，除准确度及精密度分析批的质控样品结果见表10。结果表明，所有接受批的质控样品均符合分析批接受标准。' in SS25071BV02 (Style: Normal)
DEBUG: Found heading '回收率' in SS25071BV02 (Style: Heading 2)
DEBUG: Found heading '待测物的提取回收率' in SS25071BV02 (Style: Normal)
DEBUG: Non-heading text '待测物的提取回收率按验证方案测定，结果见表11。结果表明，以峰面积比计算的本方法测定低、中、高浓度待测物A（游离型）反义链每一浓度的提取回收率平均值在86.7%~87.3%之间，变异系数（%CV）均不大于3.6%；总体变异系数（%CV）为0.4%。待测物A（游离型）正义链每一浓度的提取回收率均值在83.9%~86.8%之间，变异系数（%CV）均不大于3.1%；总体变异系数（%CV）为1.7%。' in SS25071BV02 (Style: Normal)
DEBUG: Found heading '内标的提取回收率' in SS25071BV02 (Style: Normal)
DEBUG: Non-heading text '内标的提取回收率按验证方案测定，结果见表12。结果表明，以峰面积比计算的本方法测量的内标的提取回收率平均值为96.4%，变异系数（%CV）为1.5%。' in SS25071BV02 (Style: Plain Text)
DEBUG: Found heading '稀释可靠性' in SS25071BV02 (Style: Heading 2)
DEBUG: Non-heading text '稀释可靠性按验证方案测定，结果见表13。结果表明食蟹猴血浆样品经空白血浆稀释50倍后测定不影响结果的准确性。' in SS25071BV02 (Style: Normal)
DEBUG: Found heading '稳定性' in SS25071BV02 (Style: Heading 2)
DEBUG: Found heading '标准品储备液/工作液稳定性' in SS25071BV02 (Style: Normal)
DEBUG: Non-heading text '标准品储备液稳定性结果参考SS25071BV01，见表14和表16。结果表明待测物A（游离型）反义链和正义链标准品储备液可在室温白光条件下稳定至少22小时，在超低温冰箱（-70~-90 ºC）稳定至少103天。' in SS25071BV02 (Style: Normal)
DEBUG: Non-heading text '标准品工作液稳定性结果参考SS25071BV01，见表15和表17。结果表明待测物A（游离型）反义链和正义链工作液均可在室温白光条件下稳定至少22小时，在超低温冰箱（-70~-90 ºC）稳定至少103天。' in SS25071BV02 (Style: Normal)
DEBUG: Found heading '内标储备液/工作液稳定性' in SS25071BV02 (Style: Normal)
DEBUG: Non-heading text '内标储备液稳定性结果参考SS25071BV01，见表14和表16。结果表明内标储备液可在室温白光条件下稳定至少22小时，可在超低温冰箱（-70~-90 ºC）稳定至少103天。' in SS25071BV02 (Style: Normal)
DEBUG: Non-heading text '内标工作液稳定性结果参考SS25071BV01，见表15和表17。结果表明内标工作液可在室温白光条件下稳定至少22小时，可在超低温冰箱（-70~-90 ºC）稳定至少103天。' in SS25071BV02 (Style: Normal)
DEBUG: Found heading '质控样品稳定性' in SS25071BV02 (Style: Normal)
DEBUG: Found heading '短期稳定性' in SS25071BV02 (Style: List Paragraph)
DEBUG: Non-heading text '短期稳定性按验证方案测定，测定结果见表18。结果表明，食蟹猴血浆样品中待测物A（游离型）反义链和正义链均可在室温白光条件下稳定至少17小时。' in SS25071BV02 (Style: Normal)
DEBUG: Found heading '冻融稳定性' in SS25071BV02 (Style: List Paragraph)
DEBUG: Non-heading text '冻融稳定性按验证方案测定，结果见表19。结果表明，食蟹猴血浆样品待测物A（游离型）反义链和正义链均可稳定至少5次（-70~-90 ºC/室温白光）冻融循环。' in SS25071BV02 (Style: Normal)
DEBUG: Found heading '处理后样品的稳定性' in SS25071BV02 (Style: List Paragraph)
DEBUG: Non-heading text '处理后样品的稳定性按验证方案测定，结果见表20。结果表明，处理后的食蟹猴血浆样品中待测物A（游离型）反义链和正义链在自动进样器温度（5ºC）下均可稳定至少158小时。' in SS25071BV02 (Style: Normal)
DEBUG: Found heading '长期稳定性' in SS25071BV02 (Style: List Paragraph)
DEBUG: Non-heading text '长期稳定性按验证方案测定，结果见表21。结果表明，食蟹猴血浆样品中待测物A（游离型）反义链和正义链可在超低温冰箱（-70~-90 ºC）均可稳定至少101天。' in SS25071BV02 (Style: Normal)
DEBUG: Found heading '全血稳定性' in SS25071BV02 (Style: Normal)
DEBUG: Non-heading text '全血稳定性按验证方案及变更测定，结果见表22。结果表明，食蟹猴全血样品中待测物A（游离型）反义链和正义链在室温白光和冰水浴白光放置均可稳定至少2小时。' in SS25071BV02 (Style: Normal)
DEBUG: Found heading '溶血效应' in SS25071BV02 (Style: Heading 2)
DEBUG: Non-heading text '溶血效应按验证方案测定，结果见表23。结果表明，溶血对本方法定量测定食蟹猴血浆中待测物A（游离型）反义链和正义链无影响。' in SS25071BV02 (Style: Normal)
DEBUG: Found heading '分析批最大进样数' in SS25071BV02 (Style: Heading 2)
DEBUG: Found heading '分析批最大进样数按验证方案考察，本验证实验中最大进样针数为122针。' in SS25071BV02 (Style: Normal)
DEBUG: Found heading '结论' in SS25071BV02 (Style: Heading 1)
DEBUG: Non-heading text '本实验对分析方法“LC-MS/MS方法测定食蟹猴EDTA-K2血浆样品中待测物A（游离型）（RESS25071）反义链和正义链的浓度”进行了完全验证。本实验成功验证了分析方法的系统适用性，残留，选择性，特异性，基质效应，标准曲线及范围，批内/批间准确度及精密度，提取回收率，稀释可靠性，样品短期稳定性，样品冻融稳定性，处理后样品稳定性，样品长期稳定性，全血稳定性，溶血效应和分析批最大进样针数。' in SS25071BV02 (Style: Normal)
DEBUG: Found heading '偏离' in SS25071BV02 (Style: Heading 1)
DEBUG: Found heading '本实验过程中无方案、方法和本机构SOP的偏离发生。' in SS25071BV02 (Style: Normal)
DEBUG: Found heading '特殊情况说明' in SS25071BV02 (Style: Heading 1)
DEBUG: Non-heading text '本实验过程中无特殊情况发生。' in SS25071BV02 (Style: Normal)
DEBUG: Found heading '归档' in SS25071BV02 (Style: Heading 1)
DEBUG: Non-heading text '本试验需要保留和归档的试验资料包括但不限于：验证负责人任命书、验证方案、原始记录，仪器打印的数据、电子数据和验证报告。试验资料在验证报告签发后归档于本机构档案室，根据本机构SOP进行归档管理。' in SS25071BV02 (Style: Normal)
DEBUG: Found heading '附表' in SS25071BV02 (Style: Heading 1)
DEBUG: Found heading '表1批量样品检测情况列表' in SS25071BV02 (Style: Heading 2)
DEBUG: Non-heading text '备注：' in SS25071BV02 (Style: Normal)
DEBUG: Non-heading text '注1：待测物A（游离型）正义链的批内精密度准确度及稳定性T0考察失败，是因为待测物定量下限处的峰面积较低，且受仪器波动较大，故于分析批2升级分析方法，增加样本进样体积，故该分析批中待测物A（游离型）反义链和正义链的考察项稳定性T0样品，特异性，稀释可靠性的结果不进行汇总。' in SS25071BV02 (Style: Normal)
DEBUG: Found heading '注2：本分析批无标曲质控样品。' in SS25071BV02 (Style: Normal)
DEBUG: Non-heading text '注3：处理后样品稳定性实验，所使用的样品于2025年05月23日第2个分析批中制备。' in SS25071BV02 (Style: Normal)
DEBUG: Found heading '表2系统适用性' in SS25071BV02 (Style: Heading 2)
DEBUG: Found heading '表3批量样品检测过程的残留' in SS25071BV02 (Style: Heading 2)
DEBUG: Found heading '表4选择性考察' in SS25071BV02 (Style: Heading 2)
DEBUG: Found heading '表5待测物与内标间的干扰' in SS25071BV02 (Style: Heading 2)
DEBUG: Found heading '表6基质效应试验' in SS25071BV02 (Style: Heading 2)
DEBUG: Found heading '表7标准曲线参数汇总' in SS25071BV02 (Style: Heading 2)
DEBUG: Found heading '表8标准曲线回算浓度' in SS25071BV02 (Style: Heading 2)
DEBUG: Found heading '表9批内、批间样品检测的精密度和准确度' in SS25071BV02 (Style: Heading 2)
DEBUG: Non-heading text '分析方法优化后' in SS25071BV02 (Style: Normal Indent)
DEBUG: Non-heading text '分析方法优化前' in SS25071BV02 (Style: Normal)
DEBUG: Non-heading text '接受批：' in SS25071BV02 (Style: Normal)
DEBUG: Non-heading text '#表示不符合接受标准，仍参与统计计算' in SS25071BV02 (Style: Normal)
DEBUG: Non-heading text '拒绝批：' in SS25071BV02 (Style: Normal)
DEBUG: Found heading '表10质控样品浓度数据汇总（除准确度精密度分析批外）' in SS25071BV02 (Style: Heading 2)
DEBUG: Found heading '表11待测物提取回收率：以待测物与内标的峰面积比计' in SS25071BV02 (Style: Heading 2)
DEBUG: Found heading '表12内标提取回收率：以内标与待测物的峰面积比计' in SS25071BV02 (Style: Heading 2)
DEBUG: Found heading '表13稀释可靠性' in SS25071BV02 (Style: Heading 2)
DEBUG: Found heading '表14储备液短期稳定性' in SS25071BV02 (Style: Heading 2)
DEBUG: Non-heading text '结果参考SS25071BV01' in SS25071BV02 (Style: Normal)
DEBUG: Found heading '表15工作液短期稳定性（LLOQ和内标工作液稳定性）' in SS25071BV02 (Style: Heading 2)
DEBUG: Non-heading text '结果参考SS25071BV01' in SS25071BV02 (Style: Normal)
DEBUG: Found heading '表16储备液长期稳定性' in SS25071BV02 (Style: Heading 2)
DEBUG: Non-heading text '结果参考SS25071BV01' in SS25071BV02 (Style: Normal)
DEBUG: Found heading '表17工作液长期稳定性（LLOQ和内标工作液稳定性）' in SS25071BV02 (Style: Heading 2)
DEBUG: Non-heading text '结果参考SS25071BV01' in SS25071BV02 (Style: Normal)
DEBUG: Found heading '表18生物样品前处理过程中的稳定性' in SS25071BV02 (Style: Heading 2)
DEBUG: Found heading '表19冻融稳定性' in SS25071BV02 (Style: Heading 2)
DEBUG: Found heading '表20处理后样品的稳定性' in SS25071BV02 (Style: Heading 2)
DEBUG: Found heading '表21生物基质中待测物的长期稳定性' in SS25071BV02 (Style: Heading 2)
DEBUG: Found heading '表22样品离心分离前基质中待测物稳定性' in SS25071BV02 (Style: Heading 2)
DEBUG: Found heading '表23溶血效应' in SS25071BV02 (Style: Heading 2)
DEBUG: Found heading '附图' in SS25071BV02 (Style: Heading Appendix)
DEBUG: Found heading '图1空白基质图谱' in SS25071BV02 (Style: Heading 2)
DEBUG: Non-heading text '上图为待测物A（游离型）反义链；下图为内标A' in SS25071BV02 (Style: Normal)
DEBUG: Non-heading text '上图为待测物A（游离型）正义链；下图为内标A' in SS25071BV02 (Style: Normal)
DEBUG: Found heading '图2标准曲线图' in SS25071BV02 (Style: Heading 2)
DEBUG: Non-heading text '待测物A（游离型）反义链标准曲线图' in SS25071BV02 (Style: Normal)
DEBUG: Non-heading text '待测物A（游离型）正义链标准曲线图' in SS25071BV02 (Style: Normal)
DEBUG: Found heading '附录I验证方案及变更' in SS25071BV02 (Style: Normal)
DEBUG: Non-heading text '附录II分析方法' in SS25071BV02 (Style: Normal)
DEBUG: Non-heading text '附录III质检报告' in SS25071BV02 (Style: Normal)
DEBUG: Non-heading text '待测物A' in SS25071BV02 (Style: List Paragraph)
DEBUG: Non-heading text '内标A（内标）' in SS25071BV02 (Style: List Paragraph)
